<?xml version="1.0" encoding="UTF-8"?>
<testsuites name="jest tests" tests="28" failures="27" errors="0" time="108.793">
  <testsuite name="StreamChatService Integration Tests" errors="0" failures="27" skipped="0" timestamp="2025-09-02T08:59:16" time="2.176" tests="28">
    <testcase classname="StreamChatService Integration Tests User Authentication and Connection should authenticate user successfully" name="StreamChatService Integration Tests User Authentication and Connection should authenticate user successfully" time="0.008">
      <failure>TypeError: service.authenticateUser is not a function
    at Object.authenticateUser (/Users/vitavitalij/Documents/cascais-fishing/lib/chat/__tests__/StreamChatService.integration.test.ts:71:21)
    at Promise.finally.completed (/Users/vitavitalij/Documents/cascais-fishing/node_modules/.pnpm/jest-circus@30.1.2_babel-plugin-macros@3.1.0/node_modules/jest-circus/build/jestAdapterInit.js:1556:28)
    at new Promise (&lt;anonymous&gt;)
    at callAsyncCircusFn (/Users/vitavitalij/Documents/cascais-fishing/node_modules/.pnpm/jest-circus@30.1.2_babel-plugin-macros@3.1.0/node_modules/jest-circus/build/jestAdapterInit.js:1496:10)
    at _callCircusTest (/Users/vitavitalij/Documents/cascais-fishing/node_modules/.pnpm/jest-circus@30.1.2_babel-plugin-macros@3.1.0/node_modules/jest-circus/build/jestAdapterInit.js:1006:40)
    at _runTest (/Users/vitavitalij/Documents/cascais-fishing/node_modules/.pnpm/jest-circus@30.1.2_babel-plugin-macros@3.1.0/node_modules/jest-circus/build/jestAdapterInit.js:946:3)
    at _runTestsForDescribeBlock (/Users/vitavitalij/Documents/cascais-fishing/node_modules/.pnpm/jest-circus@30.1.2_babel-plugin-macros@3.1.0/node_modules/jest-circus/build/jestAdapterInit.js:839:13)
    at _runTestsForDescribeBlock (/Users/vitavitalij/Documents/cascais-fishing/node_modules/.pnpm/jest-circus@30.1.2_babel-plugin-macros@3.1.0/node_modules/jest-circus/build/jestAdapterInit.js:829:11)
    at _runTestsForDescribeBlock (/Users/vitavitalij/Documents/cascais-fishing/node_modules/.pnpm/jest-circus@30.1.2_babel-plugin-macros@3.1.0/node_modules/jest-circus/build/jestAdapterInit.js:829:11)
    at run (/Users/vitavitalij/Documents/cascais-fishing/node_modules/.pnpm/jest-circus@30.1.2_babel-plugin-macros@3.1.0/node_modules/jest-circus/build/jestAdapterInit.js:757:3)
    at runAndTransformResultsToJestFormat (/Users/vitavitalij/Documents/cascais-fishing/node_modules/.pnpm/jest-circus@30.1.2_babel-plugin-macros@3.1.0/node_modules/jest-circus/build/jestAdapterInit.js:1917:21)
    at jestAdapter (/Users/vitavitalij/Documents/cascais-fishing/node_modules/.pnpm/jest-circus@30.1.2_babel-plugin-macros@3.1.0/node_modules/jest-circus/build/runner.js:101:19)
    at runTestInternal (/Users/vitavitalij/Documents/cascais-fishing/node_modules/.pnpm/jest-runner@30.1.2/node_modules/jest-runner/build/index.js:275:16)
    at runTest (/Users/vitavitalij/Documents/cascais-fishing/node_modules/.pnpm/jest-runner@30.1.2/node_modules/jest-runner/build/index.js:343:7)</failure>
    </testcase>
    <testcase classname="StreamChatService Integration Tests User Authentication and Connection should handle authentication errors" name="StreamChatService Integration Tests User Authentication and Connection should handle authentication errors" time="0.005">
      <failure>TypeError: service.authenticateUser is not a function
    at Object.authenticateUser (/Users/vitavitalij/Documents/cascais-fishing/lib/chat/__tests__/StreamChatService.integration.test.ts:93:28)
    at Promise.finally.completed (/Users/vitavitalij/Documents/cascais-fishing/node_modules/.pnpm/jest-circus@30.1.2_babel-plugin-macros@3.1.0/node_modules/jest-circus/build/jestAdapterInit.js:1556:28)
    at new Promise (&lt;anonymous&gt;)
    at callAsyncCircusFn (/Users/vitavitalij/Documents/cascais-fishing/node_modules/.pnpm/jest-circus@30.1.2_babel-plugin-macros@3.1.0/node_modules/jest-circus/build/jestAdapterInit.js:1496:10)
    at _callCircusTest (/Users/vitavitalij/Documents/cascais-fishing/node_modules/.pnpm/jest-circus@30.1.2_babel-plugin-macros@3.1.0/node_modules/jest-circus/build/jestAdapterInit.js:1006:40)
    at _runTest (/Users/vitavitalij/Documents/cascais-fishing/node_modules/.pnpm/jest-circus@30.1.2_babel-plugin-macros@3.1.0/node_modules/jest-circus/build/jestAdapterInit.js:946:3)
    at _runTestsForDescribeBlock (/Users/vitavitalij/Documents/cascais-fishing/node_modules/.pnpm/jest-circus@30.1.2_babel-plugin-macros@3.1.0/node_modules/jest-circus/build/jestAdapterInit.js:839:13)
    at _runTestsForDescribeBlock (/Users/vitavitalij/Documents/cascais-fishing/node_modules/.pnpm/jest-circus@30.1.2_babel-plugin-macros@3.1.0/node_modules/jest-circus/build/jestAdapterInit.js:829:11)
    at _runTestsForDescribeBlock (/Users/vitavitalij/Documents/cascais-fishing/node_modules/.pnpm/jest-circus@30.1.2_babel-plugin-macros@3.1.0/node_modules/jest-circus/build/jestAdapterInit.js:829:11)
    at run (/Users/vitavitalij/Documents/cascais-fishing/node_modules/.pnpm/jest-circus@30.1.2_babel-plugin-macros@3.1.0/node_modules/jest-circus/build/jestAdapterInit.js:757:3)
    at runAndTransformResultsToJestFormat (/Users/vitavitalij/Documents/cascais-fishing/node_modules/.pnpm/jest-circus@30.1.2_babel-plugin-macros@3.1.0/node_modules/jest-circus/build/jestAdapterInit.js:1917:21)
    at jestAdapter (/Users/vitavitalij/Documents/cascais-fishing/node_modules/.pnpm/jest-circus@30.1.2_babel-plugin-macros@3.1.0/node_modules/jest-circus/build/runner.js:101:19)
    at runTestInternal (/Users/vitavitalij/Documents/cascais-fishing/node_modules/.pnpm/jest-runner@30.1.2/node_modules/jest-runner/build/index.js:275:16)
    at runTest (/Users/vitavitalij/Documents/cascais-fishing/node_modules/.pnpm/jest-runner@30.1.2/node_modules/jest-runner/build/index.js:343:7)</failure>
    </testcase>
    <testcase classname="StreamChatService Integration Tests User Authentication and Connection should disconnect user properly" name="StreamChatService Integration Tests User Authentication and Connection should disconnect user properly" time="0.016">
      <failure>Error: expect(jest.fn()).toHaveBeenCalled()

Expected number of calls: &gt;= 1
Received number of calls:    0
    at Object.toHaveBeenCalled (/Users/vitavitalij/Documents/cascais-fishing/lib/chat/__tests__/StreamChatService.integration.test.ts:100:47)</failure>
    </testcase>
    <testcase classname="StreamChatService Integration Tests User Authentication and Connection should handle disconnect errors gracefully" name="StreamChatService Integration Tests User Authentication and Connection should handle disconnect errors gracefully" time="0.005">
    </testcase>
    <testcase classname="StreamChatService Integration Tests Channel Management should create phase channel successfully" name="StreamChatService Integration Tests Channel Management should create phase channel successfully" time="0.004">
      <failure>TypeError: service.authenticateUser is not a function
    at Object.authenticateUser (/Users/vitavitalij/Documents/cascais-fishing/lib/chat/__tests__/StreamChatService.integration.test.ts:119:21)
    at Promise.finally.completed (/Users/vitavitalij/Documents/cascais-fishing/node_modules/.pnpm/jest-circus@30.1.2_babel-plugin-macros@3.1.0/node_modules/jest-circus/build/jestAdapterInit.js:1556:28)
    at new Promise (&lt;anonymous&gt;)
    at callAsyncCircusFn (/Users/vitavitalij/Documents/cascais-fishing/node_modules/.pnpm/jest-circus@30.1.2_babel-plugin-macros@3.1.0/node_modules/jest-circus/build/jestAdapterInit.js:1496:10)
    at _callCircusHook (/Users/vitavitalij/Documents/cascais-fishing/node_modules/.pnpm/jest-circus@30.1.2_babel-plugin-macros@3.1.0/node_modules/jest-circus/build/jestAdapterInit.js:975:40)
    at _runTest (/Users/vitavitalij/Documents/cascais-fishing/node_modules/.pnpm/jest-circus@30.1.2_babel-plugin-macros@3.1.0/node_modules/jest-circus/build/jestAdapterInit.js:940:5)
    at _runTestsForDescribeBlock (/Users/vitavitalij/Documents/cascais-fishing/node_modules/.pnpm/jest-circus@30.1.2_babel-plugin-macros@3.1.0/node_modules/jest-circus/build/jestAdapterInit.js:839:13)
    at _runTestsForDescribeBlock (/Users/vitavitalij/Documents/cascais-fishing/node_modules/.pnpm/jest-circus@30.1.2_babel-plugin-macros@3.1.0/node_modules/jest-circus/build/jestAdapterInit.js:829:11)
    at _runTestsForDescribeBlock (/Users/vitavitalij/Documents/cascais-fishing/node_modules/.pnpm/jest-circus@30.1.2_babel-plugin-macros@3.1.0/node_modules/jest-circus/build/jestAdapterInit.js:829:11)
    at run (/Users/vitavitalij/Documents/cascais-fishing/node_modules/.pnpm/jest-circus@30.1.2_babel-plugin-macros@3.1.0/node_modules/jest-circus/build/jestAdapterInit.js:757:3)
    at runAndTransformResultsToJestFormat (/Users/vitavitalij/Documents/cascais-fishing/node_modules/.pnpm/jest-circus@30.1.2_babel-plugin-macros@3.1.0/node_modules/jest-circus/build/jestAdapterInit.js:1917:21)
    at jestAdapter (/Users/vitavitalij/Documents/cascais-fishing/node_modules/.pnpm/jest-circus@30.1.2_babel-plugin-macros@3.1.0/node_modules/jest-circus/build/runner.js:101:19)
    at runTestInternal (/Users/vitavitalij/Documents/cascais-fishing/node_modules/.pnpm/jest-runner@30.1.2/node_modules/jest-runner/build/index.js:275:16)
    at runTest (/Users/vitavitalij/Documents/cascais-fishing/node_modules/.pnpm/jest-runner@30.1.2/node_modules/jest-runner/build/index.js:343:7)</failure>
    </testcase>
    <testcase classname="StreamChatService Integration Tests Channel Management should get existing phase channel" name="StreamChatService Integration Tests Channel Management should get existing phase channel" time="0.003">
      <failure>TypeError: service.authenticateUser is not a function
    at Object.authenticateUser (/Users/vitavitalij/Documents/cascais-fishing/lib/chat/__tests__/StreamChatService.integration.test.ts:119:21)
    at Promise.finally.completed (/Users/vitavitalij/Documents/cascais-fishing/node_modules/.pnpm/jest-circus@30.1.2_babel-plugin-macros@3.1.0/node_modules/jest-circus/build/jestAdapterInit.js:1556:28)
    at new Promise (&lt;anonymous&gt;)
    at callAsyncCircusFn (/Users/vitavitalij/Documents/cascais-fishing/node_modules/.pnpm/jest-circus@30.1.2_babel-plugin-macros@3.1.0/node_modules/jest-circus/build/jestAdapterInit.js:1496:10)
    at _callCircusHook (/Users/vitavitalij/Documents/cascais-fishing/node_modules/.pnpm/jest-circus@30.1.2_babel-plugin-macros@3.1.0/node_modules/jest-circus/build/jestAdapterInit.js:975:40)
    at _runTest (/Users/vitavitalij/Documents/cascais-fishing/node_modules/.pnpm/jest-circus@30.1.2_babel-plugin-macros@3.1.0/node_modules/jest-circus/build/jestAdapterInit.js:940:5)
    at _runTestsForDescribeBlock (/Users/vitavitalij/Documents/cascais-fishing/node_modules/.pnpm/jest-circus@30.1.2_babel-plugin-macros@3.1.0/node_modules/jest-circus/build/jestAdapterInit.js:839:13)
    at _runTestsForDescribeBlock (/Users/vitavitalij/Documents/cascais-fishing/node_modules/.pnpm/jest-circus@30.1.2_babel-plugin-macros@3.1.0/node_modules/jest-circus/build/jestAdapterInit.js:829:11)
    at _runTestsForDescribeBlock (/Users/vitavitalij/Documents/cascais-fishing/node_modules/.pnpm/jest-circus@30.1.2_babel-plugin-macros@3.1.0/node_modules/jest-circus/build/jestAdapterInit.js:829:11)
    at run (/Users/vitavitalij/Documents/cascais-fishing/node_modules/.pnpm/jest-circus@30.1.2_babel-plugin-macros@3.1.0/node_modules/jest-circus/build/jestAdapterInit.js:757:3)
    at runAndTransformResultsToJestFormat (/Users/vitavitalij/Documents/cascais-fishing/node_modules/.pnpm/jest-circus@30.1.2_babel-plugin-macros@3.1.0/node_modules/jest-circus/build/jestAdapterInit.js:1917:21)
    at jestAdapter (/Users/vitavitalij/Documents/cascais-fishing/node_modules/.pnpm/jest-circus@30.1.2_babel-plugin-macros@3.1.0/node_modules/jest-circus/build/runner.js:101:19)
    at runTestInternal (/Users/vitavitalij/Documents/cascais-fishing/node_modules/.pnpm/jest-runner@30.1.2/node_modules/jest-runner/build/index.js:275:16)
    at runTest (/Users/vitavitalij/Documents/cascais-fishing/node_modules/.pnpm/jest-runner@30.1.2/node_modules/jest-runner/build/index.js:343:7)</failure>
    </testcase>
    <testcase classname="StreamChatService Integration Tests Channel Management should switch between phase channels" name="StreamChatService Integration Tests Channel Management should switch between phase channels" time="0.003">
      <failure>TypeError: service.authenticateUser is not a function
    at Object.authenticateUser (/Users/vitavitalij/Documents/cascais-fishing/lib/chat/__tests__/StreamChatService.integration.test.ts:119:21)
    at Promise.finally.completed (/Users/vitavitalij/Documents/cascais-fishing/node_modules/.pnpm/jest-circus@30.1.2_babel-plugin-macros@3.1.0/node_modules/jest-circus/build/jestAdapterInit.js:1556:28)
    at new Promise (&lt;anonymous&gt;)
    at callAsyncCircusFn (/Users/vitavitalij/Documents/cascais-fishing/node_modules/.pnpm/jest-circus@30.1.2_babel-plugin-macros@3.1.0/node_modules/jest-circus/build/jestAdapterInit.js:1496:10)
    at _callCircusHook (/Users/vitavitalij/Documents/cascais-fishing/node_modules/.pnpm/jest-circus@30.1.2_babel-plugin-macros@3.1.0/node_modules/jest-circus/build/jestAdapterInit.js:975:40)
    at _runTest (/Users/vitavitalij/Documents/cascais-fishing/node_modules/.pnpm/jest-circus@30.1.2_babel-plugin-macros@3.1.0/node_modules/jest-circus/build/jestAdapterInit.js:940:5)
    at _runTestsForDescribeBlock (/Users/vitavitalij/Documents/cascais-fishing/node_modules/.pnpm/jest-circus@30.1.2_babel-plugin-macros@3.1.0/node_modules/jest-circus/build/jestAdapterInit.js:839:13)
    at _runTestsForDescribeBlock (/Users/vitavitalij/Documents/cascais-fishing/node_modules/.pnpm/jest-circus@30.1.2_babel-plugin-macros@3.1.0/node_modules/jest-circus/build/jestAdapterInit.js:829:11)
    at _runTestsForDescribeBlock (/Users/vitavitalij/Documents/cascais-fishing/node_modules/.pnpm/jest-circus@30.1.2_babel-plugin-macros@3.1.0/node_modules/jest-circus/build/jestAdapterInit.js:829:11)
    at run (/Users/vitavitalij/Documents/cascais-fishing/node_modules/.pnpm/jest-circus@30.1.2_babel-plugin-macros@3.1.0/node_modules/jest-circus/build/jestAdapterInit.js:757:3)
    at runAndTransformResultsToJestFormat (/Users/vitavitalij/Documents/cascais-fishing/node_modules/.pnpm/jest-circus@30.1.2_babel-plugin-macros@3.1.0/node_modules/jest-circus/build/jestAdapterInit.js:1917:21)
    at jestAdapter (/Users/vitavitalij/Documents/cascais-fishing/node_modules/.pnpm/jest-circus@30.1.2_babel-plugin-macros@3.1.0/node_modules/jest-circus/build/runner.js:101:19)
    at runTestInternal (/Users/vitavitalij/Documents/cascais-fishing/node_modules/.pnpm/jest-runner@30.1.2/node_modules/jest-runner/build/index.js:275:16)
    at runTest (/Users/vitavitalij/Documents/cascais-fishing/node_modules/.pnpm/jest-runner@30.1.2/node_modules/jest-runner/build/index.js:343:7)</failure>
    </testcase>
    <testcase classname="StreamChatService Integration Tests Channel Management should configure channel permissions correctly" name="StreamChatService Integration Tests Channel Management should configure channel permissions correctly" time="0.004">
      <failure>TypeError: service.authenticateUser is not a function
    at Object.authenticateUser (/Users/vitavitalij/Documents/cascais-fishing/lib/chat/__tests__/StreamChatService.integration.test.ts:119:21)
    at Promise.finally.completed (/Users/vitavitalij/Documents/cascais-fishing/node_modules/.pnpm/jest-circus@30.1.2_babel-plugin-macros@3.1.0/node_modules/jest-circus/build/jestAdapterInit.js:1556:28)
    at new Promise (&lt;anonymous&gt;)
    at callAsyncCircusFn (/Users/vitavitalij/Documents/cascais-fishing/node_modules/.pnpm/jest-circus@30.1.2_babel-plugin-macros@3.1.0/node_modules/jest-circus/build/jestAdapterInit.js:1496:10)
    at _callCircusHook (/Users/vitavitalij/Documents/cascais-fishing/node_modules/.pnpm/jest-circus@30.1.2_babel-plugin-macros@3.1.0/node_modules/jest-circus/build/jestAdapterInit.js:975:40)
    at _runTest (/Users/vitavitalij/Documents/cascais-fishing/node_modules/.pnpm/jest-circus@30.1.2_babel-plugin-macros@3.1.0/node_modules/jest-circus/build/jestAdapterInit.js:940:5)
    at _runTestsForDescribeBlock (/Users/vitavitalij/Documents/cascais-fishing/node_modules/.pnpm/jest-circus@30.1.2_babel-plugin-macros@3.1.0/node_modules/jest-circus/build/jestAdapterInit.js:839:13)
    at _runTestsForDescribeBlock (/Users/vitavitalij/Documents/cascais-fishing/node_modules/.pnpm/jest-circus@30.1.2_babel-plugin-macros@3.1.0/node_modules/jest-circus/build/jestAdapterInit.js:829:11)
    at _runTestsForDescribeBlock (/Users/vitavitalij/Documents/cascais-fishing/node_modules/.pnpm/jest-circus@30.1.2_babel-plugin-macros@3.1.0/node_modules/jest-circus/build/jestAdapterInit.js:829:11)
    at run (/Users/vitavitalij/Documents/cascais-fishing/node_modules/.pnpm/jest-circus@30.1.2_babel-plugin-macros@3.1.0/node_modules/jest-circus/build/jestAdapterInit.js:757:3)
    at runAndTransformResultsToJestFormat (/Users/vitavitalij/Documents/cascais-fishing/node_modules/.pnpm/jest-circus@30.1.2_babel-plugin-macros@3.1.0/node_modules/jest-circus/build/jestAdapterInit.js:1917:21)
    at jestAdapter (/Users/vitavitalij/Documents/cascais-fishing/node_modules/.pnpm/jest-circus@30.1.2_babel-plugin-macros@3.1.0/node_modules/jest-circus/build/runner.js:101:19)
    at runTestInternal (/Users/vitavitalij/Documents/cascais-fishing/node_modules/.pnpm/jest-runner@30.1.2/node_modules/jest-runner/build/index.js:275:16)
    at runTest (/Users/vitavitalij/Documents/cascais-fishing/node_modules/.pnpm/jest-runner@30.1.2/node_modules/jest-runner/build/index.js:343:7)</failure>
    </testcase>
    <testcase classname="StreamChatService Integration Tests Channel Management should handle channel creation errors" name="StreamChatService Integration Tests Channel Management should handle channel creation errors" time="0.003">
      <failure>TypeError: service.authenticateUser is not a function
    at Object.authenticateUser (/Users/vitavitalij/Documents/cascais-fishing/lib/chat/__tests__/StreamChatService.integration.test.ts:119:21)
    at Promise.finally.completed (/Users/vitavitalij/Documents/cascais-fishing/node_modules/.pnpm/jest-circus@30.1.2_babel-plugin-macros@3.1.0/node_modules/jest-circus/build/jestAdapterInit.js:1556:28)
    at new Promise (&lt;anonymous&gt;)
    at callAsyncCircusFn (/Users/vitavitalij/Documents/cascais-fishing/node_modules/.pnpm/jest-circus@30.1.2_babel-plugin-macros@3.1.0/node_modules/jest-circus/build/jestAdapterInit.js:1496:10)
    at _callCircusHook (/Users/vitavitalij/Documents/cascais-fishing/node_modules/.pnpm/jest-circus@30.1.2_babel-plugin-macros@3.1.0/node_modules/jest-circus/build/jestAdapterInit.js:975:40)
    at _runTest (/Users/vitavitalij/Documents/cascais-fishing/node_modules/.pnpm/jest-circus@30.1.2_babel-plugin-macros@3.1.0/node_modules/jest-circus/build/jestAdapterInit.js:940:5)
    at _runTestsForDescribeBlock (/Users/vitavitalij/Documents/cascais-fishing/node_modules/.pnpm/jest-circus@30.1.2_babel-plugin-macros@3.1.0/node_modules/jest-circus/build/jestAdapterInit.js:839:13)
    at _runTestsForDescribeBlock (/Users/vitavitalij/Documents/cascais-fishing/node_modules/.pnpm/jest-circus@30.1.2_babel-plugin-macros@3.1.0/node_modules/jest-circus/build/jestAdapterInit.js:829:11)
    at _runTestsForDescribeBlock (/Users/vitavitalij/Documents/cascais-fishing/node_modules/.pnpm/jest-circus@30.1.2_babel-plugin-macros@3.1.0/node_modules/jest-circus/build/jestAdapterInit.js:829:11)
    at run (/Users/vitavitalij/Documents/cascais-fishing/node_modules/.pnpm/jest-circus@30.1.2_babel-plugin-macros@3.1.0/node_modules/jest-circus/build/jestAdapterInit.js:757:3)
    at runAndTransformResultsToJestFormat (/Users/vitavitalij/Documents/cascais-fishing/node_modules/.pnpm/jest-circus@30.1.2_babel-plugin-macros@3.1.0/node_modules/jest-circus/build/jestAdapterInit.js:1917:21)
    at jestAdapter (/Users/vitavitalij/Documents/cascais-fishing/node_modules/.pnpm/jest-circus@30.1.2_babel-plugin-macros@3.1.0/node_modules/jest-circus/build/runner.js:101:19)
    at runTestInternal (/Users/vitavitalij/Documents/cascais-fishing/node_modules/.pnpm/jest-runner@30.1.2/node_modules/jest-runner/build/index.js:275:16)
    at runTest (/Users/vitavitalij/Documents/cascais-fishing/node_modules/.pnpm/jest-runner@30.1.2/node_modules/jest-runner/build/index.js:343:7)</failure>
    </testcase>
    <testcase classname="StreamChatService Integration Tests Phase-Specific Features should send phase-specific messages" name="StreamChatService Integration Tests Phase-Specific Features should send phase-specific messages" time="0.003">
      <failure>TypeError: service.authenticateUser is not a function
    at Object.authenticateUser (/Users/vitavitalij/Documents/cascais-fishing/lib/chat/__tests__/StreamChatService.integration.test.ts:195:21)
    at Promise.finally.completed (/Users/vitavitalij/Documents/cascais-fishing/node_modules/.pnpm/jest-circus@30.1.2_babel-plugin-macros@3.1.0/node_modules/jest-circus/build/jestAdapterInit.js:1556:28)
    at new Promise (&lt;anonymous&gt;)
    at callAsyncCircusFn (/Users/vitavitalij/Documents/cascais-fishing/node_modules/.pnpm/jest-circus@30.1.2_babel-plugin-macros@3.1.0/node_modules/jest-circus/build/jestAdapterInit.js:1496:10)
    at _callCircusHook (/Users/vitavitalij/Documents/cascais-fishing/node_modules/.pnpm/jest-circus@30.1.2_babel-plugin-macros@3.1.0/node_modules/jest-circus/build/jestAdapterInit.js:975:40)
    at _runTest (/Users/vitavitalij/Documents/cascais-fishing/node_modules/.pnpm/jest-circus@30.1.2_babel-plugin-macros@3.1.0/node_modules/jest-circus/build/jestAdapterInit.js:940:5)
    at _runTestsForDescribeBlock (/Users/vitavitalij/Documents/cascais-fishing/node_modules/.pnpm/jest-circus@30.1.2_babel-plugin-macros@3.1.0/node_modules/jest-circus/build/jestAdapterInit.js:839:13)
    at _runTestsForDescribeBlock (/Users/vitavitalij/Documents/cascais-fishing/node_modules/.pnpm/jest-circus@30.1.2_babel-plugin-macros@3.1.0/node_modules/jest-circus/build/jestAdapterInit.js:829:11)
    at _runTestsForDescribeBlock (/Users/vitavitalij/Documents/cascais-fishing/node_modules/.pnpm/jest-circus@30.1.2_babel-plugin-macros@3.1.0/node_modules/jest-circus/build/jestAdapterInit.js:829:11)
    at run (/Users/vitavitalij/Documents/cascais-fishing/node_modules/.pnpm/jest-circus@30.1.2_babel-plugin-macros@3.1.0/node_modules/jest-circus/build/jestAdapterInit.js:757:3)
    at runAndTransformResultsToJestFormat (/Users/vitavitalij/Documents/cascais-fishing/node_modules/.pnpm/jest-circus@30.1.2_babel-plugin-macros@3.1.0/node_modules/jest-circus/build/jestAdapterInit.js:1917:21)
    at jestAdapter (/Users/vitavitalij/Documents/cascais-fishing/node_modules/.pnpm/jest-circus@30.1.2_babel-plugin-macros@3.1.0/node_modules/jest-circus/build/runner.js:101:19)
    at runTestInternal (/Users/vitavitalij/Documents/cascais-fishing/node_modules/.pnpm/jest-runner@30.1.2/node_modules/jest-runner/build/index.js:275:16)
    at runTest (/Users/vitavitalij/Documents/cascais-fishing/node_modules/.pnpm/jest-runner@30.1.2/node_modules/jest-runner/build/index.js:343:7)</failure>
    </testcase>
    <testcase classname="StreamChatService Integration Tests Phase-Specific Features should handle auto-messages for phase transitions" name="StreamChatService Integration Tests Phase-Specific Features should handle auto-messages for phase transitions" time="0.024">
      <failure>TypeError: service.authenticateUser is not a function
    at Object.authenticateUser (/Users/vitavitalij/Documents/cascais-fishing/lib/chat/__tests__/StreamChatService.integration.test.ts:195:21)
    at Promise.finally.completed (/Users/vitavitalij/Documents/cascais-fishing/node_modules/.pnpm/jest-circus@30.1.2_babel-plugin-macros@3.1.0/node_modules/jest-circus/build/jestAdapterInit.js:1556:28)
    at new Promise (&lt;anonymous&gt;)
    at callAsyncCircusFn (/Users/vitavitalij/Documents/cascais-fishing/node_modules/.pnpm/jest-circus@30.1.2_babel-plugin-macros@3.1.0/node_modules/jest-circus/build/jestAdapterInit.js:1496:10)
    at _callCircusHook (/Users/vitavitalij/Documents/cascais-fishing/node_modules/.pnpm/jest-circus@30.1.2_babel-plugin-macros@3.1.0/node_modules/jest-circus/build/jestAdapterInit.js:975:40)
    at _runTest (/Users/vitavitalij/Documents/cascais-fishing/node_modules/.pnpm/jest-circus@30.1.2_babel-plugin-macros@3.1.0/node_modules/jest-circus/build/jestAdapterInit.js:940:5)
    at _runTestsForDescribeBlock (/Users/vitavitalij/Documents/cascais-fishing/node_modules/.pnpm/jest-circus@30.1.2_babel-plugin-macros@3.1.0/node_modules/jest-circus/build/jestAdapterInit.js:839:13)
    at _runTestsForDescribeBlock (/Users/vitavitalij/Documents/cascais-fishing/node_modules/.pnpm/jest-circus@30.1.2_babel-plugin-macros@3.1.0/node_modules/jest-circus/build/jestAdapterInit.js:829:11)
    at _runTestsForDescribeBlock (/Users/vitavitalij/Documents/cascais-fishing/node_modules/.pnpm/jest-circus@30.1.2_babel-plugin-macros@3.1.0/node_modules/jest-circus/build/jestAdapterInit.js:829:11)
    at run (/Users/vitavitalij/Documents/cascais-fishing/node_modules/.pnpm/jest-circus@30.1.2_babel-plugin-macros@3.1.0/node_modules/jest-circus/build/jestAdapterInit.js:757:3)
    at runAndTransformResultsToJestFormat (/Users/vitavitalij/Documents/cascais-fishing/node_modules/.pnpm/jest-circus@30.1.2_babel-plugin-macros@3.1.0/node_modules/jest-circus/build/jestAdapterInit.js:1917:21)
    at jestAdapter (/Users/vitavitalij/Documents/cascais-fishing/node_modules/.pnpm/jest-circus@30.1.2_babel-plugin-macros@3.1.0/node_modules/jest-circus/build/runner.js:101:19)
    at runTestInternal (/Users/vitavitalij/Documents/cascais-fishing/node_modules/.pnpm/jest-runner@30.1.2/node_modules/jest-runner/build/index.js:275:16)
    at runTest (/Users/vitavitalij/Documents/cascais-fishing/node_modules/.pnpm/jest-runner@30.1.2/node_modules/jest-runner/build/index.js:343:7)</failure>
    </testcase>
    <testcase classname="StreamChatService Integration Tests Phase-Specific Features should add participants to phase channels" name="StreamChatService Integration Tests Phase-Specific Features should add participants to phase channels" time="0.002">
      <failure>TypeError: service.authenticateUser is not a function
    at Object.authenticateUser (/Users/vitavitalij/Documents/cascais-fishing/lib/chat/__tests__/StreamChatService.integration.test.ts:195:21)
    at Promise.finally.completed (/Users/vitavitalij/Documents/cascais-fishing/node_modules/.pnpm/jest-circus@30.1.2_babel-plugin-macros@3.1.0/node_modules/jest-circus/build/jestAdapterInit.js:1556:28)
    at new Promise (&lt;anonymous&gt;)
    at callAsyncCircusFn (/Users/vitavitalij/Documents/cascais-fishing/node_modules/.pnpm/jest-circus@30.1.2_babel-plugin-macros@3.1.0/node_modules/jest-circus/build/jestAdapterInit.js:1496:10)
    at _callCircusHook (/Users/vitavitalij/Documents/cascais-fishing/node_modules/.pnpm/jest-circus@30.1.2_babel-plugin-macros@3.1.0/node_modules/jest-circus/build/jestAdapterInit.js:975:40)
    at _runTest (/Users/vitavitalij/Documents/cascais-fishing/node_modules/.pnpm/jest-circus@30.1.2_babel-plugin-macros@3.1.0/node_modules/jest-circus/build/jestAdapterInit.js:940:5)
    at _runTestsForDescribeBlock (/Users/vitavitalij/Documents/cascais-fishing/node_modules/.pnpm/jest-circus@30.1.2_babel-plugin-macros@3.1.0/node_modules/jest-circus/build/jestAdapterInit.js:839:13)
    at _runTestsForDescribeBlock (/Users/vitavitalij/Documents/cascais-fishing/node_modules/.pnpm/jest-circus@30.1.2_babel-plugin-macros@3.1.0/node_modules/jest-circus/build/jestAdapterInit.js:829:11)
    at _runTestsForDescribeBlock (/Users/vitavitalij/Documents/cascais-fishing/node_modules/.pnpm/jest-circus@30.1.2_babel-plugin-macros@3.1.0/node_modules/jest-circus/build/jestAdapterInit.js:829:11)
    at run (/Users/vitavitalij/Documents/cascais-fishing/node_modules/.pnpm/jest-circus@30.1.2_babel-plugin-macros@3.1.0/node_modules/jest-circus/build/jestAdapterInit.js:757:3)
    at runAndTransformResultsToJestFormat (/Users/vitavitalij/Documents/cascais-fishing/node_modules/.pnpm/jest-circus@30.1.2_babel-plugin-macros@3.1.0/node_modules/jest-circus/build/jestAdapterInit.js:1917:21)
    at jestAdapter (/Users/vitavitalij/Documents/cascais-fishing/node_modules/.pnpm/jest-circus@30.1.2_babel-plugin-macros@3.1.0/node_modules/jest-circus/build/runner.js:101:19)
    at runTestInternal (/Users/vitavitalij/Documents/cascais-fishing/node_modules/.pnpm/jest-runner@30.1.2/node_modules/jest-runner/build/index.js:275:16)
    at runTest (/Users/vitavitalij/Documents/cascais-fishing/node_modules/.pnpm/jest-runner@30.1.2/node_modules/jest-runner/build/index.js:343:7)</failure>
    </testcase>
    <testcase classname="StreamChatService Integration Tests Phase-Specific Features should remove participants from phase channels" name="StreamChatService Integration Tests Phase-Specific Features should remove participants from phase channels" time="0.005">
      <failure>TypeError: service.authenticateUser is not a function
    at Object.authenticateUser (/Users/vitavitalij/Documents/cascais-fishing/lib/chat/__tests__/StreamChatService.integration.test.ts:195:21)
    at Promise.finally.completed (/Users/vitavitalij/Documents/cascais-fishing/node_modules/.pnpm/jest-circus@30.1.2_babel-plugin-macros@3.1.0/node_modules/jest-circus/build/jestAdapterInit.js:1556:28)
    at new Promise (&lt;anonymous&gt;)
    at callAsyncCircusFn (/Users/vitavitalij/Documents/cascais-fishing/node_modules/.pnpm/jest-circus@30.1.2_babel-plugin-macros@3.1.0/node_modules/jest-circus/build/jestAdapterInit.js:1496:10)
    at _callCircusHook (/Users/vitavitalij/Documents/cascais-fishing/node_modules/.pnpm/jest-circus@30.1.2_babel-plugin-macros@3.1.0/node_modules/jest-circus/build/jestAdapterInit.js:975:40)
    at _runTest (/Users/vitavitalij/Documents/cascais-fishing/node_modules/.pnpm/jest-circus@30.1.2_babel-plugin-macros@3.1.0/node_modules/jest-circus/build/jestAdapterInit.js:940:5)
    at _runTestsForDescribeBlock (/Users/vitavitalij/Documents/cascais-fishing/node_modules/.pnpm/jest-circus@30.1.2_babel-plugin-macros@3.1.0/node_modules/jest-circus/build/jestAdapterInit.js:839:13)
    at _runTestsForDescribeBlock (/Users/vitavitalij/Documents/cascais-fishing/node_modules/.pnpm/jest-circus@30.1.2_babel-plugin-macros@3.1.0/node_modules/jest-circus/build/jestAdapterInit.js:829:11)
    at _runTestsForDescribeBlock (/Users/vitavitalij/Documents/cascais-fishing/node_modules/.pnpm/jest-circus@30.1.2_babel-plugin-macros@3.1.0/node_modules/jest-circus/build/jestAdapterInit.js:829:11)
    at run (/Users/vitavitalij/Documents/cascais-fishing/node_modules/.pnpm/jest-circus@30.1.2_babel-plugin-macros@3.1.0/node_modules/jest-circus/build/jestAdapterInit.js:757:3)
    at runAndTransformResultsToJestFormat (/Users/vitavitalij/Documents/cascais-fishing/node_modules/.pnpm/jest-circus@30.1.2_babel-plugin-macros@3.1.0/node_modules/jest-circus/build/jestAdapterInit.js:1917:21)
    at jestAdapter (/Users/vitavitalij/Documents/cascais-fishing/node_modules/.pnpm/jest-circus@30.1.2_babel-plugin-macros@3.1.0/node_modules/jest-circus/build/runner.js:101:19)
    at runTestInternal (/Users/vitavitalij/Documents/cascais-fishing/node_modules/.pnpm/jest-runner@30.1.2/node_modules/jest-runner/build/index.js:275:16)
    at runTest (/Users/vitavitalij/Documents/cascais-fishing/node_modules/.pnpm/jest-runner@30.1.2/node_modules/jest-runner/build/index.js:343:7)</failure>
    </testcase>
    <testcase classname="StreamChatService Integration Tests Real-time Events should set up event listeners correctly" name="StreamChatService Integration Tests Real-time Events should set up event listeners correctly" time="0.001">
      <failure>TypeError: service.authenticateUser is not a function
    at Object.authenticateUser (/Users/vitavitalij/Documents/cascais-fishing/lib/chat/__tests__/StreamChatService.integration.test.ts:263:21)
    at Promise.finally.completed (/Users/vitavitalij/Documents/cascais-fishing/node_modules/.pnpm/jest-circus@30.1.2_babel-plugin-macros@3.1.0/node_modules/jest-circus/build/jestAdapterInit.js:1556:28)
    at new Promise (&lt;anonymous&gt;)
    at callAsyncCircusFn (/Users/vitavitalij/Documents/cascais-fishing/node_modules/.pnpm/jest-circus@30.1.2_babel-plugin-macros@3.1.0/node_modules/jest-circus/build/jestAdapterInit.js:1496:10)
    at _callCircusHook (/Users/vitavitalij/Documents/cascais-fishing/node_modules/.pnpm/jest-circus@30.1.2_babel-plugin-macros@3.1.0/node_modules/jest-circus/build/jestAdapterInit.js:975:40)
    at _runTest (/Users/vitavitalij/Documents/cascais-fishing/node_modules/.pnpm/jest-circus@30.1.2_babel-plugin-macros@3.1.0/node_modules/jest-circus/build/jestAdapterInit.js:940:5)
    at _runTestsForDescribeBlock (/Users/vitavitalij/Documents/cascais-fishing/node_modules/.pnpm/jest-circus@30.1.2_babel-plugin-macros@3.1.0/node_modules/jest-circus/build/jestAdapterInit.js:839:13)
    at _runTestsForDescribeBlock (/Users/vitavitalij/Documents/cascais-fishing/node_modules/.pnpm/jest-circus@30.1.2_babel-plugin-macros@3.1.0/node_modules/jest-circus/build/jestAdapterInit.js:829:11)
    at _runTestsForDescribeBlock (/Users/vitavitalij/Documents/cascais-fishing/node_modules/.pnpm/jest-circus@30.1.2_babel-plugin-macros@3.1.0/node_modules/jest-circus/build/jestAdapterInit.js:829:11)
    at run (/Users/vitavitalij/Documents/cascais-fishing/node_modules/.pnpm/jest-circus@30.1.2_babel-plugin-macros@3.1.0/node_modules/jest-circus/build/jestAdapterInit.js:757:3)
    at runAndTransformResultsToJestFormat (/Users/vitavitalij/Documents/cascais-fishing/node_modules/.pnpm/jest-circus@30.1.2_babel-plugin-macros@3.1.0/node_modules/jest-circus/build/jestAdapterInit.js:1917:21)
    at jestAdapter (/Users/vitavitalij/Documents/cascais-fishing/node_modules/.pnpm/jest-circus@30.1.2_babel-plugin-macros@3.1.0/node_modules/jest-circus/build/runner.js:101:19)
    at runTestInternal (/Users/vitavitalij/Documents/cascais-fishing/node_modules/.pnpm/jest-runner@30.1.2/node_modules/jest-runner/build/index.js:275:16)
    at runTest (/Users/vitavitalij/Documents/cascais-fishing/node_modules/.pnpm/jest-runner@30.1.2/node_modules/jest-runner/build/index.js:343:7)</failure>
    </testcase>
    <testcase classname="StreamChatService Integration Tests Real-time Events should handle typing events" name="StreamChatService Integration Tests Real-time Events should handle typing events" time="0.002">
      <failure>TypeError: service.authenticateUser is not a function
    at Object.authenticateUser (/Users/vitavitalij/Documents/cascais-fishing/lib/chat/__tests__/StreamChatService.integration.test.ts:263:21)
    at Promise.finally.completed (/Users/vitavitalij/Documents/cascais-fishing/node_modules/.pnpm/jest-circus@30.1.2_babel-plugin-macros@3.1.0/node_modules/jest-circus/build/jestAdapterInit.js:1556:28)
    at new Promise (&lt;anonymous&gt;)
    at callAsyncCircusFn (/Users/vitavitalij/Documents/cascais-fishing/node_modules/.pnpm/jest-circus@30.1.2_babel-plugin-macros@3.1.0/node_modules/jest-circus/build/jestAdapterInit.js:1496:10)
    at _callCircusHook (/Users/vitavitalij/Documents/cascais-fishing/node_modules/.pnpm/jest-circus@30.1.2_babel-plugin-macros@3.1.0/node_modules/jest-circus/build/jestAdapterInit.js:975:40)
    at _runTest (/Users/vitavitalij/Documents/cascais-fishing/node_modules/.pnpm/jest-circus@30.1.2_babel-plugin-macros@3.1.0/node_modules/jest-circus/build/jestAdapterInit.js:940:5)
    at _runTestsForDescribeBlock (/Users/vitavitalij/Documents/cascais-fishing/node_modules/.pnpm/jest-circus@30.1.2_babel-plugin-macros@3.1.0/node_modules/jest-circus/build/jestAdapterInit.js:839:13)
    at _runTestsForDescribeBlock (/Users/vitavitalij/Documents/cascais-fishing/node_modules/.pnpm/jest-circus@30.1.2_babel-plugin-macros@3.1.0/node_modules/jest-circus/build/jestAdapterInit.js:829:11)
    at _runTestsForDescribeBlock (/Users/vitavitalij/Documents/cascais-fishing/node_modules/.pnpm/jest-circus@30.1.2_babel-plugin-macros@3.1.0/node_modules/jest-circus/build/jestAdapterInit.js:829:11)
    at run (/Users/vitavitalij/Documents/cascais-fishing/node_modules/.pnpm/jest-circus@30.1.2_babel-plugin-macros@3.1.0/node_modules/jest-circus/build/jestAdapterInit.js:757:3)
    at runAndTransformResultsToJestFormat (/Users/vitavitalij/Documents/cascais-fishing/node_modules/.pnpm/jest-circus@30.1.2_babel-plugin-macros@3.1.0/node_modules/jest-circus/build/jestAdapterInit.js:1917:21)
    at jestAdapter (/Users/vitavitalij/Documents/cascais-fishing/node_modules/.pnpm/jest-circus@30.1.2_babel-plugin-macros@3.1.0/node_modules/jest-circus/build/runner.js:101:19)
    at runTestInternal (/Users/vitavitalij/Documents/cascais-fishing/node_modules/.pnpm/jest-runner@30.1.2/node_modules/jest-runner/build/index.js:275:16)
    at runTest (/Users/vitavitalij/Documents/cascais-fishing/node_modules/.pnpm/jest-runner@30.1.2/node_modules/jest-runner/build/index.js:343:7)</failure>
    </testcase>
    <testcase classname="StreamChatService Integration Tests Real-time Events should handle stop typing events" name="StreamChatService Integration Tests Real-time Events should handle stop typing events" time="0.002">
      <failure>TypeError: service.authenticateUser is not a function
    at Object.authenticateUser (/Users/vitavitalij/Documents/cascais-fishing/lib/chat/__tests__/StreamChatService.integration.test.ts:263:21)
    at Promise.finally.completed (/Users/vitavitalij/Documents/cascais-fishing/node_modules/.pnpm/jest-circus@30.1.2_babel-plugin-macros@3.1.0/node_modules/jest-circus/build/jestAdapterInit.js:1556:28)
    at new Promise (&lt;anonymous&gt;)
    at callAsyncCircusFn (/Users/vitavitalij/Documents/cascais-fishing/node_modules/.pnpm/jest-circus@30.1.2_babel-plugin-macros@3.1.0/node_modules/jest-circus/build/jestAdapterInit.js:1496:10)
    at _callCircusHook (/Users/vitavitalij/Documents/cascais-fishing/node_modules/.pnpm/jest-circus@30.1.2_babel-plugin-macros@3.1.0/node_modules/jest-circus/build/jestAdapterInit.js:975:40)
    at _runTest (/Users/vitavitalij/Documents/cascais-fishing/node_modules/.pnpm/jest-circus@30.1.2_babel-plugin-macros@3.1.0/node_modules/jest-circus/build/jestAdapterInit.js:940:5)
    at _runTestsForDescribeBlock (/Users/vitavitalij/Documents/cascais-fishing/node_modules/.pnpm/jest-circus@30.1.2_babel-plugin-macros@3.1.0/node_modules/jest-circus/build/jestAdapterInit.js:839:13)
    at _runTestsForDescribeBlock (/Users/vitavitalij/Documents/cascais-fishing/node_modules/.pnpm/jest-circus@30.1.2_babel-plugin-macros@3.1.0/node_modules/jest-circus/build/jestAdapterInit.js:829:11)
    at _runTestsForDescribeBlock (/Users/vitavitalij/Documents/cascais-fishing/node_modules/.pnpm/jest-circus@30.1.2_babel-plugin-macros@3.1.0/node_modules/jest-circus/build/jestAdapterInit.js:829:11)
    at run (/Users/vitavitalij/Documents/cascais-fishing/node_modules/.pnpm/jest-circus@30.1.2_babel-plugin-macros@3.1.0/node_modules/jest-circus/build/jestAdapterInit.js:757:3)
    at runAndTransformResultsToJestFormat (/Users/vitavitalij/Documents/cascais-fishing/node_modules/.pnpm/jest-circus@30.1.2_babel-plugin-macros@3.1.0/node_modules/jest-circus/build/jestAdapterInit.js:1917:21)
    at jestAdapter (/Users/vitavitalij/Documents/cascais-fishing/node_modules/.pnpm/jest-circus@30.1.2_babel-plugin-macros@3.1.0/node_modules/jest-circus/build/runner.js:101:19)
    at runTestInternal (/Users/vitavitalij/Documents/cascais-fishing/node_modules/.pnpm/jest-runner@30.1.2/node_modules/jest-runner/build/index.js:275:16)
    at runTest (/Users/vitavitalij/Documents/cascais-fishing/node_modules/.pnpm/jest-runner@30.1.2/node_modules/jest-runner/build/index.js:343:7)</failure>
    </testcase>
    <testcase classname="StreamChatService Integration Tests Real-time Events should track read receipts" name="StreamChatService Integration Tests Real-time Events should track read receipts" time="0.004">
      <failure>TypeError: service.authenticateUser is not a function
    at Object.authenticateUser (/Users/vitavitalij/Documents/cascais-fishing/lib/chat/__tests__/StreamChatService.integration.test.ts:263:21)
    at Promise.finally.completed (/Users/vitavitalij/Documents/cascais-fishing/node_modules/.pnpm/jest-circus@30.1.2_babel-plugin-macros@3.1.0/node_modules/jest-circus/build/jestAdapterInit.js:1556:28)
    at new Promise (&lt;anonymous&gt;)
    at callAsyncCircusFn (/Users/vitavitalij/Documents/cascais-fishing/node_modules/.pnpm/jest-circus@30.1.2_babel-plugin-macros@3.1.0/node_modules/jest-circus/build/jestAdapterInit.js:1496:10)
    at _callCircusHook (/Users/vitavitalij/Documents/cascais-fishing/node_modules/.pnpm/jest-circus@30.1.2_babel-plugin-macros@3.1.0/node_modules/jest-circus/build/jestAdapterInit.js:975:40)
    at _runTest (/Users/vitavitalij/Documents/cascais-fishing/node_modules/.pnpm/jest-circus@30.1.2_babel-plugin-macros@3.1.0/node_modules/jest-circus/build/jestAdapterInit.js:940:5)
    at _runTestsForDescribeBlock (/Users/vitavitalij/Documents/cascais-fishing/node_modules/.pnpm/jest-circus@30.1.2_babel-plugin-macros@3.1.0/node_modules/jest-circus/build/jestAdapterInit.js:839:13)
    at _runTestsForDescribeBlock (/Users/vitavitalij/Documents/cascais-fishing/node_modules/.pnpm/jest-circus@30.1.2_babel-plugin-macros@3.1.0/node_modules/jest-circus/build/jestAdapterInit.js:829:11)
    at _runTestsForDescribeBlock (/Users/vitavitalij/Documents/cascais-fishing/node_modules/.pnpm/jest-circus@30.1.2_babel-plugin-macros@3.1.0/node_modules/jest-circus/build/jestAdapterInit.js:829:11)
    at run (/Users/vitavitalij/Documents/cascais-fishing/node_modules/.pnpm/jest-circus@30.1.2_babel-plugin-macros@3.1.0/node_modules/jest-circus/build/jestAdapterInit.js:757:3)
    at runAndTransformResultsToJestFormat (/Users/vitavitalij/Documents/cascais-fishing/node_modules/.pnpm/jest-circus@30.1.2_babel-plugin-macros@3.1.0/node_modules/jest-circus/build/jestAdapterInit.js:1917:21)
    at jestAdapter (/Users/vitavitalij/Documents/cascais-fishing/node_modules/.pnpm/jest-circus@30.1.2_babel-plugin-macros@3.1.0/node_modules/jest-circus/build/runner.js:101:19)
    at runTestInternal (/Users/vitavitalij/Documents/cascais-fishing/node_modules/.pnpm/jest-runner@30.1.2/node_modules/jest-runner/build/index.js:275:16)
    at runTest (/Users/vitavitalij/Documents/cascais-fishing/node_modules/.pnpm/jest-runner@30.1.2/node_modules/jest-runner/build/index.js:343:7)</failure>
    </testcase>
    <testcase classname="StreamChatService Integration Tests Error Handling and Recovery should handle connection drops" name="StreamChatService Integration Tests Error Handling and Recovery should handle connection drops" time="0.004">
      <failure>TypeError: service.authenticateUser is not a function
    at Object.authenticateUser (/Users/vitavitalij/Documents/cascais-fishing/lib/chat/__tests__/StreamChatService.integration.test.ts:306:21)
    at Promise.finally.completed (/Users/vitavitalij/Documents/cascais-fishing/node_modules/.pnpm/jest-circus@30.1.2_babel-plugin-macros@3.1.0/node_modules/jest-circus/build/jestAdapterInit.js:1556:28)
    at new Promise (&lt;anonymous&gt;)
    at callAsyncCircusFn (/Users/vitavitalij/Documents/cascais-fishing/node_modules/.pnpm/jest-circus@30.1.2_babel-plugin-macros@3.1.0/node_modules/jest-circus/build/jestAdapterInit.js:1496:10)
    at _callCircusTest (/Users/vitavitalij/Documents/cascais-fishing/node_modules/.pnpm/jest-circus@30.1.2_babel-plugin-macros@3.1.0/node_modules/jest-circus/build/jestAdapterInit.js:1006:40)
    at _runTest (/Users/vitavitalij/Documents/cascais-fishing/node_modules/.pnpm/jest-circus@30.1.2_babel-plugin-macros@3.1.0/node_modules/jest-circus/build/jestAdapterInit.js:946:3)
    at _runTestsForDescribeBlock (/Users/vitavitalij/Documents/cascais-fishing/node_modules/.pnpm/jest-circus@30.1.2_babel-plugin-macros@3.1.0/node_modules/jest-circus/build/jestAdapterInit.js:839:13)
    at _runTestsForDescribeBlock (/Users/vitavitalij/Documents/cascais-fishing/node_modules/.pnpm/jest-circus@30.1.2_babel-plugin-macros@3.1.0/node_modules/jest-circus/build/jestAdapterInit.js:829:11)
    at _runTestsForDescribeBlock (/Users/vitavitalij/Documents/cascais-fishing/node_modules/.pnpm/jest-circus@30.1.2_babel-plugin-macros@3.1.0/node_modules/jest-circus/build/jestAdapterInit.js:829:11)
    at run (/Users/vitavitalij/Documents/cascais-fishing/node_modules/.pnpm/jest-circus@30.1.2_babel-plugin-macros@3.1.0/node_modules/jest-circus/build/jestAdapterInit.js:757:3)
    at runAndTransformResultsToJestFormat (/Users/vitavitalij/Documents/cascais-fishing/node_modules/.pnpm/jest-circus@30.1.2_babel-plugin-macros@3.1.0/node_modules/jest-circus/build/jestAdapterInit.js:1917:21)
    at jestAdapter (/Users/vitavitalij/Documents/cascais-fishing/node_modules/.pnpm/jest-circus@30.1.2_babel-plugin-macros@3.1.0/node_modules/jest-circus/build/runner.js:101:19)
    at runTestInternal (/Users/vitavitalij/Documents/cascais-fishing/node_modules/.pnpm/jest-runner@30.1.2/node_modules/jest-runner/build/index.js:275:16)
    at runTest (/Users/vitavitalij/Documents/cascais-fishing/node_modules/.pnpm/jest-runner@30.1.2/node_modules/jest-runner/build/index.js:343:7)</failure>
    </testcase>
    <testcase classname="StreamChatService Integration Tests Error Handling and Recovery should retry failed operations" name="StreamChatService Integration Tests Error Handling and Recovery should retry failed operations" time="0.003">
      <failure>TypeError: service.authenticateUser is not a function
    at Object.authenticateUser (/Users/vitavitalij/Documents/cascais-fishing/lib/chat/__tests__/StreamChatService.integration.test.ts:332:21)
    at Promise.finally.completed (/Users/vitavitalij/Documents/cascais-fishing/node_modules/.pnpm/jest-circus@30.1.2_babel-plugin-macros@3.1.0/node_modules/jest-circus/build/jestAdapterInit.js:1556:28)
    at new Promise (&lt;anonymous&gt;)
    at callAsyncCircusFn (/Users/vitavitalij/Documents/cascais-fishing/node_modules/.pnpm/jest-circus@30.1.2_babel-plugin-macros@3.1.0/node_modules/jest-circus/build/jestAdapterInit.js:1496:10)
    at _callCircusTest (/Users/vitavitalij/Documents/cascais-fishing/node_modules/.pnpm/jest-circus@30.1.2_babel-plugin-macros@3.1.0/node_modules/jest-circus/build/jestAdapterInit.js:1006:40)
    at _runTest (/Users/vitavitalij/Documents/cascais-fishing/node_modules/.pnpm/jest-circus@30.1.2_babel-plugin-macros@3.1.0/node_modules/jest-circus/build/jestAdapterInit.js:946:3)
    at _runTestsForDescribeBlock (/Users/vitavitalij/Documents/cascais-fishing/node_modules/.pnpm/jest-circus@30.1.2_babel-plugin-macros@3.1.0/node_modules/jest-circus/build/jestAdapterInit.js:839:13)
    at _runTestsForDescribeBlock (/Users/vitavitalij/Documents/cascais-fishing/node_modules/.pnpm/jest-circus@30.1.2_babel-plugin-macros@3.1.0/node_modules/jest-circus/build/jestAdapterInit.js:829:11)
    at _runTestsForDescribeBlock (/Users/vitavitalij/Documents/cascais-fishing/node_modules/.pnpm/jest-circus@30.1.2_babel-plugin-macros@3.1.0/node_modules/jest-circus/build/jestAdapterInit.js:829:11)
    at run (/Users/vitavitalij/Documents/cascais-fishing/node_modules/.pnpm/jest-circus@30.1.2_babel-plugin-macros@3.1.0/node_modules/jest-circus/build/jestAdapterInit.js:757:3)
    at runAndTransformResultsToJestFormat (/Users/vitavitalij/Documents/cascais-fishing/node_modules/.pnpm/jest-circus@30.1.2_babel-plugin-macros@3.1.0/node_modules/jest-circus/build/jestAdapterInit.js:1917:21)
    at jestAdapter (/Users/vitavitalij/Documents/cascais-fishing/node_modules/.pnpm/jest-circus@30.1.2_babel-plugin-macros@3.1.0/node_modules/jest-circus/build/runner.js:101:19)
    at runTestInternal (/Users/vitavitalij/Documents/cascais-fishing/node_modules/.pnpm/jest-runner@30.1.2/node_modules/jest-runner/build/index.js:275:16)
    at runTest (/Users/vitavitalij/Documents/cascais-fishing/node_modules/.pnpm/jest-runner@30.1.2/node_modules/jest-runner/build/index.js:343:7)</failure>
    </testcase>
    <testcase classname="StreamChatService Integration Tests Error Handling and Recovery should handle message send failures" name="StreamChatService Integration Tests Error Handling and Recovery should handle message send failures" time="0.003">
      <failure>TypeError: service.authenticateUser is not a function
    at Object.authenticateUser (/Users/vitavitalij/Documents/cascais-fishing/lib/chat/__tests__/StreamChatService.integration.test.ts:344:21)
    at Promise.finally.completed (/Users/vitavitalij/Documents/cascais-fishing/node_modules/.pnpm/jest-circus@30.1.2_babel-plugin-macros@3.1.0/node_modules/jest-circus/build/jestAdapterInit.js:1556:28)
    at new Promise (&lt;anonymous&gt;)
    at callAsyncCircusFn (/Users/vitavitalij/Documents/cascais-fishing/node_modules/.pnpm/jest-circus@30.1.2_babel-plugin-macros@3.1.0/node_modules/jest-circus/build/jestAdapterInit.js:1496:10)
    at _callCircusTest (/Users/vitavitalij/Documents/cascais-fishing/node_modules/.pnpm/jest-circus@30.1.2_babel-plugin-macros@3.1.0/node_modules/jest-circus/build/jestAdapterInit.js:1006:40)
    at _runTest (/Users/vitavitalij/Documents/cascais-fishing/node_modules/.pnpm/jest-circus@30.1.2_babel-plugin-macros@3.1.0/node_modules/jest-circus/build/jestAdapterInit.js:946:3)
    at _runTestsForDescribeBlock (/Users/vitavitalij/Documents/cascais-fishing/node_modules/.pnpm/jest-circus@30.1.2_babel-plugin-macros@3.1.0/node_modules/jest-circus/build/jestAdapterInit.js:839:13)
    at _runTestsForDescribeBlock (/Users/vitavitalij/Documents/cascais-fishing/node_modules/.pnpm/jest-circus@30.1.2_babel-plugin-macros@3.1.0/node_modules/jest-circus/build/jestAdapterInit.js:829:11)
    at _runTestsForDescribeBlock (/Users/vitavitalij/Documents/cascais-fishing/node_modules/.pnpm/jest-circus@30.1.2_babel-plugin-macros@3.1.0/node_modules/jest-circus/build/jestAdapterInit.js:829:11)
    at run (/Users/vitavitalij/Documents/cascais-fishing/node_modules/.pnpm/jest-circus@30.1.2_babel-plugin-macros@3.1.0/node_modules/jest-circus/build/jestAdapterInit.js:757:3)
    at runAndTransformResultsToJestFormat (/Users/vitavitalij/Documents/cascais-fishing/node_modules/.pnpm/jest-circus@30.1.2_babel-plugin-macros@3.1.0/node_modules/jest-circus/build/jestAdapterInit.js:1917:21)
    at jestAdapter (/Users/vitavitalij/Documents/cascais-fishing/node_modules/.pnpm/jest-circus@30.1.2_babel-plugin-macros@3.1.0/node_modules/jest-circus/build/runner.js:101:19)
    at runTestInternal (/Users/vitavitalij/Documents/cascais-fishing/node_modules/.pnpm/jest-runner@30.1.2/node_modules/jest-runner/build/index.js:275:16)
    at runTest (/Users/vitavitalij/Documents/cascais-fishing/node_modules/.pnpm/jest-runner@30.1.2/node_modules/jest-runner/build/index.js:343:7)</failure>
    </testcase>
    <testcase classname="StreamChatService Integration Tests Error Handling and Recovery should handle channel watch failures" name="StreamChatService Integration Tests Error Handling and Recovery should handle channel watch failures" time="0.005">
      <failure>TypeError: service.authenticateUser is not a function
    at Object.authenticateUser (/Users/vitavitalij/Documents/cascais-fishing/lib/chat/__tests__/StreamChatService.integration.test.ts:361:21)
    at Promise.finally.completed (/Users/vitavitalij/Documents/cascais-fishing/node_modules/.pnpm/jest-circus@30.1.2_babel-plugin-macros@3.1.0/node_modules/jest-circus/build/jestAdapterInit.js:1556:28)
    at new Promise (&lt;anonymous&gt;)
    at callAsyncCircusFn (/Users/vitavitalij/Documents/cascais-fishing/node_modules/.pnpm/jest-circus@30.1.2_babel-plugin-macros@3.1.0/node_modules/jest-circus/build/jestAdapterInit.js:1496:10)
    at _callCircusTest (/Users/vitavitalij/Documents/cascais-fishing/node_modules/.pnpm/jest-circus@30.1.2_babel-plugin-macros@3.1.0/node_modules/jest-circus/build/jestAdapterInit.js:1006:40)
    at _runTest (/Users/vitavitalij/Documents/cascais-fishing/node_modules/.pnpm/jest-circus@30.1.2_babel-plugin-macros@3.1.0/node_modules/jest-circus/build/jestAdapterInit.js:946:3)
    at _runTestsForDescribeBlock (/Users/vitavitalij/Documents/cascais-fishing/node_modules/.pnpm/jest-circus@30.1.2_babel-plugin-macros@3.1.0/node_modules/jest-circus/build/jestAdapterInit.js:839:13)
    at _runTestsForDescribeBlock (/Users/vitavitalij/Documents/cascais-fishing/node_modules/.pnpm/jest-circus@30.1.2_babel-plugin-macros@3.1.0/node_modules/jest-circus/build/jestAdapterInit.js:829:11)
    at _runTestsForDescribeBlock (/Users/vitavitalij/Documents/cascais-fishing/node_modules/.pnpm/jest-circus@30.1.2_babel-plugin-macros@3.1.0/node_modules/jest-circus/build/jestAdapterInit.js:829:11)
    at run (/Users/vitavitalij/Documents/cascais-fishing/node_modules/.pnpm/jest-circus@30.1.2_babel-plugin-macros@3.1.0/node_modules/jest-circus/build/jestAdapterInit.js:757:3)
    at runAndTransformResultsToJestFormat (/Users/vitavitalij/Documents/cascais-fishing/node_modules/.pnpm/jest-circus@30.1.2_babel-plugin-macros@3.1.0/node_modules/jest-circus/build/jestAdapterInit.js:1917:21)
    at jestAdapter (/Users/vitavitalij/Documents/cascais-fishing/node_modules/.pnpm/jest-circus@30.1.2_babel-plugin-macros@3.1.0/node_modules/jest-circus/build/runner.js:101:19)
    at runTestInternal (/Users/vitavitalij/Documents/cascais-fishing/node_modules/.pnpm/jest-runner@30.1.2/node_modules/jest-runner/build/index.js:275:16)
    at runTest (/Users/vitavitalij/Documents/cascais-fishing/node_modules/.pnpm/jest-runner@30.1.2/node_modules/jest-runner/build/index.js:343:7)</failure>
    </testcase>
    <testcase classname="StreamChatService Integration Tests Performance and Resource Management should cache channel instances efficiently" name="StreamChatService Integration Tests Performance and Resource Management should cache channel instances efficiently" time="0.004">
      <failure>TypeError: service.authenticateUser is not a function
    at Object.authenticateUser (/Users/vitavitalij/Documents/cascais-fishing/lib/chat/__tests__/StreamChatService.integration.test.ts:384:21)
    at Promise.finally.completed (/Users/vitavitalij/Documents/cascais-fishing/node_modules/.pnpm/jest-circus@30.1.2_babel-plugin-macros@3.1.0/node_modules/jest-circus/build/jestAdapterInit.js:1556:28)
    at new Promise (&lt;anonymous&gt;)
    at callAsyncCircusFn (/Users/vitavitalij/Documents/cascais-fishing/node_modules/.pnpm/jest-circus@30.1.2_babel-plugin-macros@3.1.0/node_modules/jest-circus/build/jestAdapterInit.js:1496:10)
    at _callCircusTest (/Users/vitavitalij/Documents/cascais-fishing/node_modules/.pnpm/jest-circus@30.1.2_babel-plugin-macros@3.1.0/node_modules/jest-circus/build/jestAdapterInit.js:1006:40)
    at _runTest (/Users/vitavitalij/Documents/cascais-fishing/node_modules/.pnpm/jest-circus@30.1.2_babel-plugin-macros@3.1.0/node_modules/jest-circus/build/jestAdapterInit.js:946:3)
    at _runTestsForDescribeBlock (/Users/vitavitalij/Documents/cascais-fishing/node_modules/.pnpm/jest-circus@30.1.2_babel-plugin-macros@3.1.0/node_modules/jest-circus/build/jestAdapterInit.js:839:13)
    at _runTestsForDescribeBlock (/Users/vitavitalij/Documents/cascais-fishing/node_modules/.pnpm/jest-circus@30.1.2_babel-plugin-macros@3.1.0/node_modules/jest-circus/build/jestAdapterInit.js:829:11)
    at _runTestsForDescribeBlock (/Users/vitavitalij/Documents/cascais-fishing/node_modules/.pnpm/jest-circus@30.1.2_babel-plugin-macros@3.1.0/node_modules/jest-circus/build/jestAdapterInit.js:829:11)
    at run (/Users/vitavitalij/Documents/cascais-fishing/node_modules/.pnpm/jest-circus@30.1.2_babel-plugin-macros@3.1.0/node_modules/jest-circus/build/jestAdapterInit.js:757:3)
    at runAndTransformResultsToJestFormat (/Users/vitavitalij/Documents/cascais-fishing/node_modules/.pnpm/jest-circus@30.1.2_babel-plugin-macros@3.1.0/node_modules/jest-circus/build/jestAdapterInit.js:1917:21)
    at jestAdapter (/Users/vitavitalij/Documents/cascais-fishing/node_modules/.pnpm/jest-circus@30.1.2_babel-plugin-macros@3.1.0/node_modules/jest-circus/build/runner.js:101:19)
    at runTestInternal (/Users/vitavitalij/Documents/cascais-fishing/node_modules/.pnpm/jest-runner@30.1.2/node_modules/jest-runner/build/index.js:275:16)
    at runTest (/Users/vitavitalij/Documents/cascais-fishing/node_modules/.pnpm/jest-runner@30.1.2/node_modules/jest-runner/build/index.js:343:7)</failure>
    </testcase>
    <testcase classname="StreamChatService Integration Tests Performance and Resource Management should clean up resources on disconnect" name="StreamChatService Integration Tests Performance and Resource Management should clean up resources on disconnect" time="0.002">
      <failure>TypeError: service.authenticateUser is not a function
    at Object.authenticateUser (/Users/vitavitalij/Documents/cascais-fishing/lib/chat/__tests__/StreamChatService.integration.test.ts:402:21)
    at Promise.finally.completed (/Users/vitavitalij/Documents/cascais-fishing/node_modules/.pnpm/jest-circus@30.1.2_babel-plugin-macros@3.1.0/node_modules/jest-circus/build/jestAdapterInit.js:1556:28)
    at new Promise (&lt;anonymous&gt;)
    at callAsyncCircusFn (/Users/vitavitalij/Documents/cascais-fishing/node_modules/.pnpm/jest-circus@30.1.2_babel-plugin-macros@3.1.0/node_modules/jest-circus/build/jestAdapterInit.js:1496:10)
    at _callCircusTest (/Users/vitavitalij/Documents/cascais-fishing/node_modules/.pnpm/jest-circus@30.1.2_babel-plugin-macros@3.1.0/node_modules/jest-circus/build/jestAdapterInit.js:1006:40)
    at _runTest (/Users/vitavitalij/Documents/cascais-fishing/node_modules/.pnpm/jest-circus@30.1.2_babel-plugin-macros@3.1.0/node_modules/jest-circus/build/jestAdapterInit.js:946:3)
    at _runTestsForDescribeBlock (/Users/vitavitalij/Documents/cascais-fishing/node_modules/.pnpm/jest-circus@30.1.2_babel-plugin-macros@3.1.0/node_modules/jest-circus/build/jestAdapterInit.js:839:13)
    at _runTestsForDescribeBlock (/Users/vitavitalij/Documents/cascais-fishing/node_modules/.pnpm/jest-circus@30.1.2_babel-plugin-macros@3.1.0/node_modules/jest-circus/build/jestAdapterInit.js:829:11)
    at _runTestsForDescribeBlock (/Users/vitavitalij/Documents/cascais-fishing/node_modules/.pnpm/jest-circus@30.1.2_babel-plugin-macros@3.1.0/node_modules/jest-circus/build/jestAdapterInit.js:829:11)
    at run (/Users/vitavitalij/Documents/cascais-fishing/node_modules/.pnpm/jest-circus@30.1.2_babel-plugin-macros@3.1.0/node_modules/jest-circus/build/jestAdapterInit.js:757:3)
    at runAndTransformResultsToJestFormat (/Users/vitavitalij/Documents/cascais-fishing/node_modules/.pnpm/jest-circus@30.1.2_babel-plugin-macros@3.1.0/node_modules/jest-circus/build/jestAdapterInit.js:1917:21)
    at jestAdapter (/Users/vitavitalij/Documents/cascais-fishing/node_modules/.pnpm/jest-circus@30.1.2_babel-plugin-macros@3.1.0/node_modules/jest-circus/build/runner.js:101:19)
    at runTestInternal (/Users/vitavitalij/Documents/cascais-fishing/node_modules/.pnpm/jest-runner@30.1.2/node_modules/jest-runner/build/index.js:275:16)
    at runTest (/Users/vitavitalij/Documents/cascais-fishing/node_modules/.pnpm/jest-runner@30.1.2/node_modules/jest-runner/build/index.js:343:7)</failure>
    </testcase>
    <testcase classname="StreamChatService Integration Tests Performance and Resource Management should handle large numbers of channels" name="StreamChatService Integration Tests Performance and Resource Management should handle large numbers of channels" time="0.004">
      <failure>TypeError: service.authenticateUser is not a function
    at Object.authenticateUser (/Users/vitavitalij/Documents/cascais-fishing/lib/chat/__tests__/StreamChatService.integration.test.ts:418:21)
    at Promise.finally.completed (/Users/vitavitalij/Documents/cascais-fishing/node_modules/.pnpm/jest-circus@30.1.2_babel-plugin-macros@3.1.0/node_modules/jest-circus/build/jestAdapterInit.js:1556:28)
    at new Promise (&lt;anonymous&gt;)
    at callAsyncCircusFn (/Users/vitavitalij/Documents/cascais-fishing/node_modules/.pnpm/jest-circus@30.1.2_babel-plugin-macros@3.1.0/node_modules/jest-circus/build/jestAdapterInit.js:1496:10)
    at _callCircusTest (/Users/vitavitalij/Documents/cascais-fishing/node_modules/.pnpm/jest-circus@30.1.2_babel-plugin-macros@3.1.0/node_modules/jest-circus/build/jestAdapterInit.js:1006:40)
    at _runTest (/Users/vitavitalij/Documents/cascais-fishing/node_modules/.pnpm/jest-circus@30.1.2_babel-plugin-macros@3.1.0/node_modules/jest-circus/build/jestAdapterInit.js:946:3)
    at _runTestsForDescribeBlock (/Users/vitavitalij/Documents/cascais-fishing/node_modules/.pnpm/jest-circus@30.1.2_babel-plugin-macros@3.1.0/node_modules/jest-circus/build/jestAdapterInit.js:839:13)
    at _runTestsForDescribeBlock (/Users/vitavitalij/Documents/cascais-fishing/node_modules/.pnpm/jest-circus@30.1.2_babel-plugin-macros@3.1.0/node_modules/jest-circus/build/jestAdapterInit.js:829:11)
    at _runTestsForDescribeBlock (/Users/vitavitalij/Documents/cascais-fishing/node_modules/.pnpm/jest-circus@30.1.2_babel-plugin-macros@3.1.0/node_modules/jest-circus/build/jestAdapterInit.js:829:11)
    at run (/Users/vitavitalij/Documents/cascais-fishing/node_modules/.pnpm/jest-circus@30.1.2_babel-plugin-macros@3.1.0/node_modules/jest-circus/build/jestAdapterInit.js:757:3)
    at runAndTransformResultsToJestFormat (/Users/vitavitalij/Documents/cascais-fishing/node_modules/.pnpm/jest-circus@30.1.2_babel-plugin-macros@3.1.0/node_modules/jest-circus/build/jestAdapterInit.js:1917:21)
    at jestAdapter (/Users/vitavitalij/Documents/cascais-fishing/node_modules/.pnpm/jest-circus@30.1.2_babel-plugin-macros@3.1.0/node_modules/jest-circus/build/runner.js:101:19)
    at runTestInternal (/Users/vitavitalij/Documents/cascais-fishing/node_modules/.pnpm/jest-runner@30.1.2/node_modules/jest-runner/build/index.js:275:16)
    at runTest (/Users/vitavitalij/Documents/cascais-fishing/node_modules/.pnpm/jest-runner@30.1.2/node_modules/jest-runner/build/index.js:343:7)</failure>
    </testcase>
    <testcase classname="StreamChatService Integration Tests Performance and Resource Management should limit channel cache size to prevent memory leaks" name="StreamChatService Integration Tests Performance and Resource Management should limit channel cache size to prevent memory leaks" time="0.005">
      <failure>TypeError: service.authenticateUser is not a function
    at Object.authenticateUser (/Users/vitavitalij/Documents/cascais-fishing/lib/chat/__tests__/StreamChatService.integration.test.ts:438:21)
    at Promise.finally.completed (/Users/vitavitalij/Documents/cascais-fishing/node_modules/.pnpm/jest-circus@30.1.2_babel-plugin-macros@3.1.0/node_modules/jest-circus/build/jestAdapterInit.js:1556:28)
    at new Promise (&lt;anonymous&gt;)
    at callAsyncCircusFn (/Users/vitavitalij/Documents/cascais-fishing/node_modules/.pnpm/jest-circus@30.1.2_babel-plugin-macros@3.1.0/node_modules/jest-circus/build/jestAdapterInit.js:1496:10)
    at _callCircusTest (/Users/vitavitalij/Documents/cascais-fishing/node_modules/.pnpm/jest-circus@30.1.2_babel-plugin-macros@3.1.0/node_modules/jest-circus/build/jestAdapterInit.js:1006:40)
    at _runTest (/Users/vitavitalij/Documents/cascais-fishing/node_modules/.pnpm/jest-circus@30.1.2_babel-plugin-macros@3.1.0/node_modules/jest-circus/build/jestAdapterInit.js:946:3)
    at _runTestsForDescribeBlock (/Users/vitavitalij/Documents/cascais-fishing/node_modules/.pnpm/jest-circus@30.1.2_babel-plugin-macros@3.1.0/node_modules/jest-circus/build/jestAdapterInit.js:839:13)
    at _runTestsForDescribeBlock (/Users/vitavitalij/Documents/cascais-fishing/node_modules/.pnpm/jest-circus@30.1.2_babel-plugin-macros@3.1.0/node_modules/jest-circus/build/jestAdapterInit.js:829:11)
    at _runTestsForDescribeBlock (/Users/vitavitalij/Documents/cascais-fishing/node_modules/.pnpm/jest-circus@30.1.2_babel-plugin-macros@3.1.0/node_modules/jest-circus/build/jestAdapterInit.js:829:11)
    at run (/Users/vitavitalij/Documents/cascais-fishing/node_modules/.pnpm/jest-circus@30.1.2_babel-plugin-macros@3.1.0/node_modules/jest-circus/build/jestAdapterInit.js:757:3)
    at runAndTransformResultsToJestFormat (/Users/vitavitalij/Documents/cascais-fishing/node_modules/.pnpm/jest-circus@30.1.2_babel-plugin-macros@3.1.0/node_modules/jest-circus/build/jestAdapterInit.js:1917:21)
    at jestAdapter (/Users/vitavitalij/Documents/cascais-fishing/node_modules/.pnpm/jest-circus@30.1.2_babel-plugin-macros@3.1.0/node_modules/jest-circus/build/runner.js:101:19)
    at runTestInternal (/Users/vitavitalij/Documents/cascais-fishing/node_modules/.pnpm/jest-runner@30.1.2/node_modules/jest-runner/build/index.js:275:16)
    at runTest (/Users/vitavitalij/Documents/cascais-fishing/node_modules/.pnpm/jest-runner@30.1.2/node_modules/jest-runner/build/index.js:343:7)</failure>
    </testcase>
    <testcase classname="StreamChatService Integration Tests Integration with Multi-Phase System should integrate with phase transition events" name="StreamChatService Integration Tests Integration with Multi-Phase System should integrate with phase transition events" time="0.002">
      <failure>TypeError: service.authenticateUser is not a function
    at Object.authenticateUser (/Users/vitavitalij/Documents/cascais-fishing/lib/chat/__tests__/StreamChatService.integration.test.ts:458:21)
    at Promise.finally.completed (/Users/vitavitalij/Documents/cascais-fishing/node_modules/.pnpm/jest-circus@30.1.2_babel-plugin-macros@3.1.0/node_modules/jest-circus/build/jestAdapterInit.js:1556:28)
    at new Promise (&lt;anonymous&gt;)
    at callAsyncCircusFn (/Users/vitavitalij/Documents/cascais-fishing/node_modules/.pnpm/jest-circus@30.1.2_babel-plugin-macros@3.1.0/node_modules/jest-circus/build/jestAdapterInit.js:1496:10)
    at _callCircusTest (/Users/vitavitalij/Documents/cascais-fishing/node_modules/.pnpm/jest-circus@30.1.2_babel-plugin-macros@3.1.0/node_modules/jest-circus/build/jestAdapterInit.js:1006:40)
    at _runTest (/Users/vitavitalij/Documents/cascais-fishing/node_modules/.pnpm/jest-circus@30.1.2_babel-plugin-macros@3.1.0/node_modules/jest-circus/build/jestAdapterInit.js:946:3)
    at _runTestsForDescribeBlock (/Users/vitavitalij/Documents/cascais-fishing/node_modules/.pnpm/jest-circus@30.1.2_babel-plugin-macros@3.1.0/node_modules/jest-circus/build/jestAdapterInit.js:839:13)
    at _runTestsForDescribeBlock (/Users/vitavitalij/Documents/cascais-fishing/node_modules/.pnpm/jest-circus@30.1.2_babel-plugin-macros@3.1.0/node_modules/jest-circus/build/jestAdapterInit.js:829:11)
    at _runTestsForDescribeBlock (/Users/vitavitalij/Documents/cascais-fishing/node_modules/.pnpm/jest-circus@30.1.2_babel-plugin-macros@3.1.0/node_modules/jest-circus/build/jestAdapterInit.js:829:11)
    at run (/Users/vitavitalij/Documents/cascais-fishing/node_modules/.pnpm/jest-circus@30.1.2_babel-plugin-macros@3.1.0/node_modules/jest-circus/build/jestAdapterInit.js:757:3)
    at runAndTransformResultsToJestFormat (/Users/vitavitalij/Documents/cascais-fishing/node_modules/.pnpm/jest-circus@30.1.2_babel-plugin-macros@3.1.0/node_modules/jest-circus/build/jestAdapterInit.js:1917:21)
    at jestAdapter (/Users/vitavitalij/Documents/cascais-fishing/node_modules/.pnpm/jest-circus@30.1.2_babel-plugin-macros@3.1.0/node_modules/jest-circus/build/runner.js:101:19)
    at runTestInternal (/Users/vitavitalij/Documents/cascais-fishing/node_modules/.pnpm/jest-runner@30.1.2/node_modules/jest-runner/build/index.js:275:16)
    at runTest (/Users/vitavitalij/Documents/cascais-fishing/node_modules/.pnpm/jest-runner@30.1.2/node_modules/jest-runner/build/index.js:343:7)</failure>
    </testcase>
    <testcase classname="StreamChatService Integration Tests Integration with Multi-Phase System should migrate data between phase channels" name="StreamChatService Integration Tests Integration with Multi-Phase System should migrate data between phase channels" time="0.003">
      <failure>TypeError: service.authenticateUser is not a function
    at Object.authenticateUser (/Users/vitavitalij/Documents/cascais-fishing/lib/chat/__tests__/StreamChatService.integration.test.ts:481:21)
    at Promise.finally.completed (/Users/vitavitalij/Documents/cascais-fishing/node_modules/.pnpm/jest-circus@30.1.2_babel-plugin-macros@3.1.0/node_modules/jest-circus/build/jestAdapterInit.js:1556:28)
    at new Promise (&lt;anonymous&gt;)
    at callAsyncCircusFn (/Users/vitavitalij/Documents/cascais-fishing/node_modules/.pnpm/jest-circus@30.1.2_babel-plugin-macros@3.1.0/node_modules/jest-circus/build/jestAdapterInit.js:1496:10)
    at _callCircusTest (/Users/vitavitalij/Documents/cascais-fishing/node_modules/.pnpm/jest-circus@30.1.2_babel-plugin-macros@3.1.0/node_modules/jest-circus/build/jestAdapterInit.js:1006:40)
    at _runTest (/Users/vitavitalij/Documents/cascais-fishing/node_modules/.pnpm/jest-circus@30.1.2_babel-plugin-macros@3.1.0/node_modules/jest-circus/build/jestAdapterInit.js:946:3)
    at _runTestsForDescribeBlock (/Users/vitavitalij/Documents/cascais-fishing/node_modules/.pnpm/jest-circus@30.1.2_babel-plugin-macros@3.1.0/node_modules/jest-circus/build/jestAdapterInit.js:839:13)
    at _runTestsForDescribeBlock (/Users/vitavitalij/Documents/cascais-fishing/node_modules/.pnpm/jest-circus@30.1.2_babel-plugin-macros@3.1.0/node_modules/jest-circus/build/jestAdapterInit.js:829:11)
    at _runTestsForDescribeBlock (/Users/vitavitalij/Documents/cascais-fishing/node_modules/.pnpm/jest-circus@30.1.2_babel-plugin-macros@3.1.0/node_modules/jest-circus/build/jestAdapterInit.js:829:11)
    at run (/Users/vitavitalij/Documents/cascais-fishing/node_modules/.pnpm/jest-circus@30.1.2_babel-plugin-macros@3.1.0/node_modules/jest-circus/build/jestAdapterInit.js:757:3)
    at runAndTransformResultsToJestFormat (/Users/vitavitalij/Documents/cascais-fishing/node_modules/.pnpm/jest-circus@30.1.2_babel-plugin-macros@3.1.0/node_modules/jest-circus/build/jestAdapterInit.js:1917:21)
    at jestAdapter (/Users/vitavitalij/Documents/cascais-fishing/node_modules/.pnpm/jest-circus@30.1.2_babel-plugin-macros@3.1.0/node_modules/jest-circus/build/runner.js:101:19)
    at runTestInternal (/Users/vitavitalij/Documents/cascais-fishing/node_modules/.pnpm/jest-runner@30.1.2/node_modules/jest-runner/build/index.js:275:16)
    at runTest (/Users/vitavitalij/Documents/cascais-fishing/node_modules/.pnpm/jest-runner@30.1.2/node_modules/jest-runner/build/index.js:343:7)</failure>
    </testcase>
    <testcase classname="StreamChatService Integration Tests Integration with Multi-Phase System should handle concurrent phase operations" name="StreamChatService Integration Tests Integration with Multi-Phase System should handle concurrent phase operations" time="0.002">
      <failure>TypeError: service.authenticateUser is not a function
    at Object.authenticateUser (/Users/vitavitalij/Documents/cascais-fishing/lib/chat/__tests__/StreamChatService.integration.test.ts:507:21)
    at Promise.finally.completed (/Users/vitavitalij/Documents/cascais-fishing/node_modules/.pnpm/jest-circus@30.1.2_babel-plugin-macros@3.1.0/node_modules/jest-circus/build/jestAdapterInit.js:1556:28)
    at new Promise (&lt;anonymous&gt;)
    at callAsyncCircusFn (/Users/vitavitalij/Documents/cascais-fishing/node_modules/.pnpm/jest-circus@30.1.2_babel-plugin-macros@3.1.0/node_modules/jest-circus/build/jestAdapterInit.js:1496:10)
    at _callCircusTest (/Users/vitavitalij/Documents/cascais-fishing/node_modules/.pnpm/jest-circus@30.1.2_babel-plugin-macros@3.1.0/node_modules/jest-circus/build/jestAdapterInit.js:1006:40)
    at _runTest (/Users/vitavitalij/Documents/cascais-fishing/node_modules/.pnpm/jest-circus@30.1.2_babel-plugin-macros@3.1.0/node_modules/jest-circus/build/jestAdapterInit.js:946:3)
    at _runTestsForDescribeBlock (/Users/vitavitalij/Documents/cascais-fishing/node_modules/.pnpm/jest-circus@30.1.2_babel-plugin-macros@3.1.0/node_modules/jest-circus/build/jestAdapterInit.js:839:13)
    at _runTestsForDescribeBlock (/Users/vitavitalij/Documents/cascais-fishing/node_modules/.pnpm/jest-circus@30.1.2_babel-plugin-macros@3.1.0/node_modules/jest-circus/build/jestAdapterInit.js:829:11)
    at _runTestsForDescribeBlock (/Users/vitavitalij/Documents/cascais-fishing/node_modules/.pnpm/jest-circus@30.1.2_babel-plugin-macros@3.1.0/node_modules/jest-circus/build/jestAdapterInit.js:829:11)
    at run (/Users/vitavitalij/Documents/cascais-fishing/node_modules/.pnpm/jest-circus@30.1.2_babel-plugin-macros@3.1.0/node_modules/jest-circus/build/jestAdapterInit.js:757:3)
    at runAndTransformResultsToJestFormat (/Users/vitavitalij/Documents/cascais-fishing/node_modules/.pnpm/jest-circus@30.1.2_babel-plugin-macros@3.1.0/node_modules/jest-circus/build/jestAdapterInit.js:1917:21)
    at jestAdapter (/Users/vitavitalij/Documents/cascais-fishing/node_modules/.pnpm/jest-circus@30.1.2_babel-plugin-macros@3.1.0/node_modules/jest-circus/build/runner.js:101:19)
    at runTestInternal (/Users/vitavitalij/Documents/cascais-fishing/node_modules/.pnpm/jest-runner@30.1.2/node_modules/jest-runner/build/index.js:275:16)
    at runTest (/Users/vitavitalij/Documents/cascais-fishing/node_modules/.pnpm/jest-runner@30.1.2/node_modules/jest-runner/build/index.js:343:7)</failure>
    </testcase>
  </testsuite>
</testsuites>